#
# There is insufficient memory for the Java Runtime Environment to continue.
# Native memory allocation (mmap) failed to map 65536 bytes for Failed to commit metaspace.
# Possible reasons:
#   The system is out of physical RAM or swap space
#   The process is running with CompressedOops enabled, and the Java Heap may be blocking the growth of the native heap
# Possible solutions:
#   Reduce memory load on the system
#   Increase physical memory or swap space
#   Check if swap backing store is full
#   Decrease Java heap size (-Xmx/-Xms)
#   Decrease number of Java threads
#   Decrease Java thread stack sizes (-Xss)
#   Set larger code cache with -XX:ReservedCodeCacheSize=
#   JVM is running with Unscaled Compressed Oops mode in which the Java heap is
#     placed in the first 4GB address space. The Java Heap base address is the
#     maximum limit for the native heap growth. Please use -XX:HeapBaseMinAddress
#     to set the Java Heap base and to place the Java Heap above 4GB virtual address.
# This output file may be truncated or incomplete.
#
#  Out of Memory Error (virtualSpaceNode.cpp:110), pid=7084, tid=3816
#
# JRE version: OpenJDK Runtime Environment Temurin-17.0.4+8 (17.0.4+8) (build 17.0.4+8)
# Java VM: OpenJDK 64-Bit Server VM Temurin-17.0.4+8 (17.0.4+8, mixed mode, tiered, compressed oops, compressed class ptrs, parallel gc, windows-amd64)
# No core dump will be written. Minidumps are not enabled by default on client versions of Windows
#

---------------  S U M M A R Y ------------

Command Line: --add-modules=ALL-SYSTEM --add-opens=java.base/java.util=ALL-UNNAMED --add-opens=java.base/java.lang=ALL-UNNAMED --add-opens=java.base/sun.nio.fs=ALL-UNNAMED -Declipse.application=org.eclipse.jdt.ls.core.id1 -Dosgi.bundles.defaultStartLevel=4 -Declipse.product=org.eclipse.jdt.ls.core.product -Djava.import.generatesMetadataFilesAtProjectRoot=false -Dfile.encoding=utf8 -DwatchParentProcess=false -XX:+UseParallelGC -XX:GCTimeRatio=4 -XX:AdaptiveSizePolicyWeight=90 -Dsun.zip.disableMemoryMapping=true -Xmx1G -Xms100m -Xlog:jni+resolve=off -javaagent:c:\Users\ADMIN\.vscode\extensions\redhat.java-1.10.0-win32-x64\lombok\lombok-1.18.24.jar c:\Users\ADMIN\.vscode\extensions\redhat.java-1.10.0-win32-x64\server\plugins\org.eclipse.equinox.launcher_1.6.400.v20210924-0641.jar -configuration c:\Users\ADMIN\AppData\Roaming\Code\User\globalStorage\redhat.java\1.10.0\config_ss_win -data c:\Users\ADMIN\AppData\Roaming\Code\User\workspaceStorage\2b4bdc34994bfcd6bd22a03e60368bfb\redhat.java\ss_ws

Host: Intel(R) Core(TM) i5-8265U CPU @ 1.60GHz, 8 cores, 11G,  Windows 11 , 64 bit Build 22000 (10.0.22000.708)
Time: Mon Sep 19 09:44:02 2022 SE Asia Standard Time elapsed time: 1.186330 seconds (0d 0h 0m 1s)

---------------  T H R E A D  ---------------

Current thread (0x0000020b9aba6e60):  JavaThread "main" [_thread_in_vm, id=3816, stack(0x000000b44b900000,0x000000b44ba00000)]

Stack: [0x000000b44b900000,0x000000b44ba00000]
Native frames: (J=compiled Java code, j=interpreted, Vv=VM code, C=native code)
V  [jvm.dll+0x67733a]
V  [jvm.dll+0x8323c4]
V  [jvm.dll+0x833b6e]
V  [jvm.dll+0x8341d3]
V  [jvm.dll+0x2455e5]
V  [jvm.dll+0x82e36b]
V  [jvm.dll+0x61be16]
V  [jvm.dll+0x1c060e]
V  [jvm.dll+0x61e761]
V  [jvm.dll+0x61c7b6]
V  [jvm.dll+0x36ba02]
V  [jvm.dll+0x1e20cb]
V  [jvm.dll+0x53c919]
V  [jvm.dll+0x7ad30d]
V  [jvm.dll+0x7ad26a]
V  [jvm.dll+0x40d354]
V  [jvm.dll+0x420c4b]
C  [java.dll+0x1657]

Java frames: (J=compiled Java code, j=interpreted, Vv=VM code)
j  java.lang.ClassLoader.defineClass0(Ljava/lang/ClassLoader;Ljava/lang/Class;Ljava/lang/String;[BIILjava/security/ProtectionDomain;ZILjava/lang/Object;)Ljava/lang/Class;+0 java.base@17.0.4
j  java.lang.System$2.defineClass(Ljava/lang/ClassLoader;Ljava/lang/Class;Ljava/lang/String;[BLjava/security/ProtectionDomain;ZILjava/lang/Object;)Ljava/lang/Class;+17 java.base@17.0.4
j  java.lang.invoke.MethodHandles$Lookup$ClassDefiner.defineClass(ZLjava/lang/Object;)Ljava/lang/Class;+54 java.base@17.0.4
j  java.lang.invoke.MethodHandles$Lookup$ClassDefiner.defineClassAsLookup(Z)Ljava/lang/invoke/MethodHandles$Lookup;+3 java.base@17.0.4
j  java.lang.invoke.MethodHandles$Lookup.defineHiddenClass([BZ[Ljava/lang/invoke/MethodHandles$Lookup$ClassOption;)Ljava/lang/invoke/MethodHandles$Lookup;+65 java.base@17.0.4
v  ~StubRoutines::call_stub
j  jdk.internal.reflect.NativeMethodAccessorImpl.invoke0(Ljava/lang/reflect/Method;Ljava/lang/Object;[Ljava/lang/Object;)Ljava/lang/Object;+0 java.base@17.0.4
j  jdk.internal.reflect.NativeMethodAccessorImpl.invoke(Ljava/lang/Object;[Ljava/lang/Object;)Ljava/lang/Object;+133 java.base@17.0.4
j  jdk.internal.reflect.DelegatingMethodAccessorImpl.invoke(Ljava/lang/Object;[Ljava/lang/Object;)Ljava/lang/Object;+6 java.base@17.0.4
j  java.lang.reflect.Method.invoke(Ljava/lang/Object;[Ljava/lang/Object;)Ljava/lang/Object;+59 java.base@17.0.4
j  org.eclipse.osgi.internal.url.MultiplexingFactory.<clinit>()V+280
v  ~StubRoutines::call_stub
j  org.eclipse.osgi.storage.FrameworkExtensionInstaller.findAddURLMethod(Ljava/lang/ClassLoader;Ljava/lang/String;)Ljava/lang/reflect/Method;+20
j  org.eclipse.osgi.storage.FrameworkExtensionInstaller.<clinit>()V+13
v  ~StubRoutines::call_stub
j  org.eclipse.osgi.storage.Storage.<init>(Lorg/eclipse/osgi/internal/framework/EquinoxContainer;[Ljava/lang/String;)V+239
j  org.eclipse.osgi.storage.Storage.createStorage(Lorg/eclipse/osgi/internal/framework/EquinoxContainer;)Lorg/eclipse/osgi/storage/Storage;+11
j  org.eclipse.osgi.internal.framework.EquinoxContainer.<init>(Ljava/util/Map;Lorg/osgi/framework/connect/ModuleConnector;)V+145
j  org.eclipse.osgi.launch.Equinox.<init>(Ljava/util/Map;Lorg/osgi/framework/connect/ModuleConnector;)V+10
j  org.eclipse.osgi.launch.Equinox.<init>(Ljava/util/Map;)V+3
j  org.eclipse.core.runtime.adaptor.EclipseStarter.startup([Ljava/lang/String;Ljava/lang/Runnable;)Lorg/osgi/framework/BundleContext;+28
j  org.eclipse.core.runtime.adaptor.EclipseStarter.run([Ljava/lang/String;Ljava/lang/Runnable;)Ljava/lang/Object;+21
v  ~StubRoutines::call_stub
j  jdk.internal.reflect.NativeMethodAccessorImpl.invoke0(Ljava/lang/reflect/Method;Ljava/lang/Object;[Ljava/lang/Object;)Ljava/lang/Object;+0 java.base@17.0.4
j  jdk.internal.reflect.NativeMethodAccessorImpl.invoke(Ljava/lang/Object;[Ljava/lang/Object;)Ljava/lang/Object;+133 java.base@17.0.4
j  jdk.internal.reflect.DelegatingMethodAccessorImpl.invoke(Ljava/lang/Object;[Ljava/lang/Object;)Ljava/lang/Object;+6 java.base@17.0.4
j  java.lang.reflect.Method.invoke(Ljava/lang/Object;[Ljava/lang/Object;)Ljava/lang/Object;+59 java.base@17.0.4
j  org.eclipse.equinox.launcher.Main.invokeFramework([Ljava/lang/String;[Ljava/net/URL;)V+201
j  org.eclipse.equinox.launcher.Main.basicRun([Ljava/lang/String;)V+159
j  org.eclipse.equinox.launcher.Main.run([Ljava/lang/String;)I+4
j  org.eclipse.equinox.launcher.Main.main([Ljava/lang/String;)V+10
v  ~StubRoutines::call_stub

---------------  P R O C E S S  ---------------

Threads class SMR info:
_java_thread_list=0x0000020bb1a747d0, length=13, elements={
0x0000020b9aba6e60, 0x0000020baea38180, 0x0000020baea38ff0, 0x0000020bb0fe7f10,
0x0000020bb0fe8ac0, 0x0000020bb0feb980, 0x0000020bb0fec330, 0x0000020bb1000af0,
0x0000020bb10607b0, 0x0000020bb1060db0, 0x0000020bb10fcc90, 0x0000020bb12e46d0,
0x0000020bb12a1030
}

Java Threads: ( => current thread )
=>0x0000020b9aba6e60 JavaThread "main" [_thread_in_vm, id=3816, stack(0x000000b44b900000,0x000000b44ba00000)]
  0x0000020baea38180 JavaThread "Reference Handler" daemon [_thread_blocked, id=18992, stack(0x000000b44bc00000,0x000000b44bd00000)]
  0x0000020baea38ff0 JavaThread "Finalizer" daemon [_thread_blocked, id=6640, stack(0x000000b44bd00000,0x000000b44be00000)]
  0x0000020bb0fe7f10 JavaThread "Signal Dispatcher" daemon [_thread_blocked, id=15268, stack(0x000000b44be00000,0x000000b44bf00000)]
  0x0000020bb0fe8ac0 JavaThread "Attach Listener" daemon [_thread_blocked, id=2388, stack(0x000000b44bf00000,0x000000b44c000000)]
  0x0000020bb0feb980 JavaThread "Service Thread" daemon [_thread_blocked, id=11376, stack(0x000000b44c000000,0x000000b44c100000)]
  0x0000020bb0fec330 JavaThread "Monitor Deflation Thread" daemon [_thread_blocked, id=8320, stack(0x000000b44c100000,0x000000b44c200000)]
  0x0000020bb1000af0 JavaThread "C2 CompilerThread0" daemon [_thread_blocked, id=13600, stack(0x000000b44c200000,0x000000b44c300000)]
  0x0000020bb10607b0 JavaThread "C1 CompilerThread0" daemon [_thread_blocked, id=12880, stack(0x000000b44c300000,0x000000b44c400000)]
  0x0000020bb1060db0 JavaThread "Sweeper thread" daemon [_thread_blocked, id=8980, stack(0x000000b44c400000,0x000000b44c500000)]
  0x0000020bb10fcc90 JavaThread "Common-Cleaner" daemon [_thread_blocked, id=16560, stack(0x000000b44c500000,0x000000b44c600000)]
  0x0000020bb12e46d0 JavaThread "Notification Thread" daemon [_thread_blocked, id=7152, stack(0x000000b44c600000,0x000000b44c700000)]
  0x0000020bb12a1030 JavaThread "C2 CompilerThread1" daemon [_thread_blocked, id=11060, stack(0x000000b44c800000,0x000000b44c900000)]

Other Threads:
  0x0000020baea33330 VMThread "VM Thread" [stack: 0x000000b44bb00000,0x000000b44bc00000] [id=8016]
  0x0000020bb12e4ba0 WatcherThread [stack: 0x000000b44c700000,0x000000b44c800000] [id=17812]
  0x0000020b9abbd6b0 GCTaskThread "GC Thread#0" [stack: 0x000000b44ba00000,0x000000b44bb00000] [id=10604]

Threads with active compile tasks:

VM state: not at safepoint (normal execution)

VM Mutex/Monitor currently owned by a thread:  ([mutex/lock_event])
[0x0000020b9aba0100] Metaspace_lock - owner thread: 0x0000020b9aba6e60

Heap address: 0x00000000c0000000, size: 1024 MB, Compressed Oops mode: 32-bit

CDS archive(s) not mapped
Compressed class space mapped at: 0x0000000100000000-0x0000000140000000, reserved size: 1073741824
Narrow klass base: 0x0000000000000000, Narrow klass shift: 3, Narrow klass range: 0x140000000

GC Precious Log:
 CPUs: 8 total, 8 available
 Memory: 12096M
 Large Page Support: Disabled
 NUMA Support: Disabled
 Compressed Oops: Enabled (32-bit)
 Alignments: Space 512K, Generation 512K, Heap 2M
 Heap Min Capacity: 100M
 Heap Initial Capacity: 100M
 Heap Max Capacity: 1G
 Pre-touch: Disabled
 Parallel Workers: 8

Heap:
 PSYoungGen      total 29696K, used 24087K [0x00000000eab00000, 0x00000000ecc00000, 0x0000000100000000)
  eden space 25600K, 94% used [0x00000000eab00000,0x00000000ec285c50,0x00000000ec400000)
  from space 4096K, 0% used [0x00000000ec800000,0x00000000ec800000,0x00000000ecc00000)
  to   space 4096K, 0% used [0x00000000ec400000,0x00000000ec400000,0x00000000ec800000)
 ParOldGen       total 68608K, used 0K [0x00000000c0000000, 0x00000000c4300000, 0x00000000eab00000)
  object space 68608K, 0% used [0x00000000c0000000,0x00000000c0000000,0x00000000c4300000)
 Metaspace       used 10390K, committed 10496K, reserved 1064960K
  class space    used 1035K, committed 1088K, reserved 1048576K

Card table byte_map: [0x0000020b9a560000,0x0000020b9a770000] _byte_map_base: 0x0000020b99f60000

Marking Bits: (ParMarkBitMap*) 0x00007ff933da2cd0
 Begin Bits: [0x0000020bac840000, 0x0000020bad840000)
 End Bits:   [0x0000020bad840000, 0x0000020bae840000)

Polling page: 0x0000020b98ae0000

Metaspace:

Usage:
  Non-class:      9.14 MB used.
      Class:      1.01 MB used.
       Both:     10.15 MB used.

Virtual space:
  Non-class space:       16.00 MB reserved,       9.19 MB ( 57%) committed,  2 nodes.
      Class space:        1.00 GB reserved,       1.06 MB ( <1%) committed,  1 nodes.
             Both:        1.02 GB reserved,      10.25 MB ( <1%) committed. 

Chunk freelists:
   Non-Class:  2.14 MB
       Class:  2.94 MB
        Both:  5.07 MB

MaxMetaspaceSize: unlimited
CompressedClassSpaceSize: 1.00 GB
Initial GC threshold: 21.00 MB
Current GC threshold: 21.00 MB
CDS: off
MetaspaceReclaimPolicy: balanced
 - commit_granule_bytes: 65536.
 - commit_granule_words: 8192.
 - virtual_space_node_default_size: 1048576.
 - enlarge_chunks_in_place: 1.
 - new_chunks_are_fully_committed: 0.
 - uncommit_free_chunks: 1.
 - use_allocation_guard: 0.
 - handle_deallocations: 1.


Internal statistics:

num_allocs_failed_limit: 0.
num_arena_births: 18.
num_arena_deaths: 0.
num_vsnodes_births: 3.
num_vsnodes_deaths: 0.
num_space_committed: 164.
num_space_uncommitted: 0.
num_chunks_returned_to_freelist: 0.
num_chunks_taken_from_freelist: 86.
num_chunk_merges: 0.
num_chunk_splits: 60.
num_chunks_enlarged: 55.
num_purges: 0.
num_inconsistent_stats: 0.

CodeHeap 'non-profiled nmethods': size=120000Kb used=367Kb max_used=367Kb free=119632Kb
 bounds [0x0000020ba5310000, 0x0000020ba5580000, 0x0000020bac840000]
CodeHeap 'profiled nmethods': size=120000Kb used=1621Kb max_used=1621Kb free=118378Kb
 bounds [0x0000020b9dde0000, 0x0000020b9e050000, 0x0000020ba5310000]
CodeHeap 'non-nmethods': size=5760Kb used=1133Kb max_used=1169Kb free=4626Kb
 bounds [0x0000020b9d840000, 0x0000020b9dab0000, 0x0000020b9dde0000]
 total_blobs=1358 nmethods=936 adapters=337
 compilation: enabled
              stopped_count=0, restarted_count=0
 full_count=0

Compilation events (20 events):
Event: 1.169 Thread 0x0000020bb10607b0  922       3       java.io.RandomAccessFile::readFully (45 bytes)
Event: 1.169 Thread 0x0000020bb10607b0 nmethod 922 0x0000020b9df6ad90 code [0x0000020b9df6af60, 0x0000020b9df6b2d8]
Event: 1.176 Thread 0x0000020bb10607b0  923       3       jdk.internal.jimage.ImageLocation::verify (218 bytes)
Event: 1.177 Thread 0x0000020bb10607b0 nmethod 923 0x0000020b9df6b490 code [0x0000020b9df6b740, 0x0000020b9df6c498]
Event: 1.178 Thread 0x0000020bb10607b0  924       3       java.lang.invoke.MethodType::equals (56 bytes)
Event: 1.178 Thread 0x0000020bb12a1030 nmethod 921 0x0000020ba536b010 code [0x0000020ba536b1a0, 0x0000020ba536b398]
Event: 1.178 Thread 0x0000020bb10607b0 nmethod 924 0x0000020b9df6ca10 code [0x0000020b9df6cc40, 0x0000020b9df6d738]
Event: 1.179 Thread 0x0000020bb10607b0  925       3       java.lang.invoke.MemberName::getReferenceKind (12 bytes)
Event: 1.179 Thread 0x0000020bb10607b0 nmethod 925 0x0000020b9df6d910 code [0x0000020b9df6daa0, 0x0000020b9df6dbb8]
Event: 1.179 Thread 0x0000020bb10607b0  926       3       jdk.internal.org.objectweb.asm.ByteVector::put122 (93 bytes)
Event: 1.179 Thread 0x0000020bb10607b0 nmethod 926 0x0000020b9df6dc90 code [0x0000020b9df6de40, 0x0000020b9df6e0c8]
Event: 1.180 Thread 0x0000020bb10607b0  930       3       java.lang.invoke.MethodTypeForm::canonicalize (59 bytes)
Event: 1.180 Thread 0x0000020bb10607b0 nmethod 930 0x0000020b9df6e290 code [0x0000020b9df6e460, 0x0000020b9df6e768]
Event: 1.181 Thread 0x0000020bb10607b0  931       3       java.lang.invoke.MethodType$ConcurrentWeakInternSet::add (66 bytes)
Event: 1.182 Thread 0x0000020bb10607b0 nmethod 931 0x0000020b9df6e890 code [0x0000020b9df6eb00, 0x0000020b9df6f848]
Event: 1.182 Thread 0x0000020bb10607b0  932       3       java.lang.PublicMethods$Key::matches (31 bytes)
Event: 1.182 Thread 0x0000020bb10607b0 nmethod 932 0x0000020b9df6fd90 code [0x0000020b9df6ff60, 0x0000020b9df702b8]
Event: 1.182 Thread 0x0000020bb10607b0  933       3       java.lang.reflect.Array::newInstance (6 bytes)
Event: 1.182 Thread 0x0000020bb10607b0 nmethod 933 0x0000020b9df70490 code [0x0000020b9df70620, 0x0000020b9df70728]
Event: 1.182 Thread 0x0000020bb10607b0  934       3       jdk.internal.org.objectweb.asm.Type::getArgumentsAndReturnSizes (140 bytes)

GC Heap History (0 events):
No events

Deoptimization events (20 events):
Event: 1.125 Thread 0x0000020b9aba6e60 Uncommon trap: trap_request=0xffffffde fr.pc=0x0000020ba533ff5c relative=0x000000000000057c
Event: 1.125 Thread 0x0000020b9aba6e60 Uncommon trap: reason=class_check action=maybe_recompile pc=0x0000020ba533ff5c method=java.util.Collections$UnmodifiableCollection$1.<init>(Ljava/util/Collections$UnmodifiableCollection;)V @ 17 c2
Event: 1.125 Thread 0x0000020b9aba6e60 DEOPT PACKING pc=0x0000020ba533ff5c sp=0x000000b44b9fe1d0
Event: 1.125 Thread 0x0000020b9aba6e60 DEOPT UNPACKING pc=0x0000020b9d8920a3 sp=0x000000b44b9fe118 mode 2
Event: 1.125 Thread 0x0000020b9aba6e60 Uncommon trap: trap_request=0xffffff45 fr.pc=0x0000020ba5360584 relative=0x0000000000000264
Event: 1.125 Thread 0x0000020b9aba6e60 Uncommon trap: reason=unstable_if action=reinterpret pc=0x0000020ba5360584 method=java.util.HashMap.hash(Ljava/lang/Object;)I @ 1 c2
Event: 1.125 Thread 0x0000020b9aba6e60 DEOPT PACKING pc=0x0000020ba5360584 sp=0x000000b44b9fe180
Event: 1.125 Thread 0x0000020b9aba6e60 DEOPT UNPACKING pc=0x0000020b9d8920a3 sp=0x000000b44b9fe018 mode 2
Event: 1.125 Thread 0x0000020b9aba6e60 Uncommon trap: trap_request=0xffffff45 fr.pc=0x0000020ba534e3fc relative=0x00000000000002bc
Event: 1.125 Thread 0x0000020b9aba6e60 Uncommon trap: reason=unstable_if action=reinterpret pc=0x0000020ba534e3fc method=java.util.HashMap.hash(Ljava/lang/Object;)I @ 1 c2
Event: 1.125 Thread 0x0000020b9aba6e60 DEOPT PACKING pc=0x0000020ba534e3fc sp=0x000000b44b9fe210
Event: 1.125 Thread 0x0000020b9aba6e60 DEOPT UNPACKING pc=0x0000020b9d8920a3 sp=0x000000b44b9fe128 mode 2
Event: 1.126 Thread 0x0000020b9aba6e60 Uncommon trap: trap_request=0xffffffde fr.pc=0x0000020ba533ff5c relative=0x000000000000057c
Event: 1.126 Thread 0x0000020b9aba6e60 Uncommon trap: reason=class_check action=maybe_recompile pc=0x0000020ba533ff5c method=java.util.Collections$UnmodifiableCollection$1.<init>(Ljava/util/Collections$UnmodifiableCollection;)V @ 17 c2
Event: 1.126 Thread 0x0000020b9aba6e60 DEOPT PACKING pc=0x0000020ba533ff5c sp=0x000000b44b9fe1d0
Event: 1.126 Thread 0x0000020b9aba6e60 DEOPT UNPACKING pc=0x0000020b9d8920a3 sp=0x000000b44b9fe118 mode 2
Event: 1.126 Thread 0x0000020b9aba6e60 Uncommon trap: trap_request=0xffffff45 fr.pc=0x0000020ba534be18 relative=0x0000000000000098
Event: 1.126 Thread 0x0000020b9aba6e60 Uncommon trap: reason=unstable_if action=reinterpret pc=0x0000020ba534be18 method=java.util.HashMap.hash(Ljava/lang/Object;)I @ 1 c2
Event: 1.126 Thread 0x0000020b9aba6e60 DEOPT PACKING pc=0x0000020ba534be18 sp=0x000000b44b9fe080
Event: 1.126 Thread 0x0000020b9aba6e60 DEOPT UNPACKING pc=0x0000020b9d8920a3 sp=0x000000b44b9fe018 mode 2

Classes unloaded (0 events):
No events

Classes redefined (0 events):
No events

Internal exceptions (19 events):
Event: 0.223 Thread 0x0000020b9aba6e60 Exception <a 'java/lang/NoSuchMethodError'{0x00000000eacb26e0}: 'void java.lang.invoke.DirectMethodHandle$Holder.invokeStatic(java.lang.Object, java.lang.Object, java.lang.Object)'> (0x00000000eacb26e0) 
thrown [s\src\hotspot\share\interpreter\linkResolver.cpp, line 759]
Event: 0.408 Thread 0x0000020b9aba6e60 Exception <a 'java/lang/reflect/InvocationTargetException'{0x00000000eaf79458}> (0x00000000eaf79458) 
thrown [s\src\hotspot\share\runtime\reflection.cpp, line 1121]
Event: 0.780 Thread 0x0000020b9aba6e60 Exception <a 'java/lang/ClassNotFoundException'{0x00000000eb71ea80}: sun/net/www/protocol/c/Handler> (0x00000000eb71ea80) 
thrown [s\src\hotspot\share\classfile\systemDictionary.cpp, line 256]
Event: 0.784 Thread 0x0000020b9aba6e60 Exception <a 'java/io/FileNotFoundException'{0x00000000eb731c30}> (0x00000000eb731c30) 
thrown [s\src\hotspot\share\prims\jni.cpp, line 516]
Event: 0.784 Thread 0x0000020b9aba6e60 Exception <a 'java/io/FileNotFoundException'{0x00000000eb732940}> (0x00000000eb732940) 
thrown [s\src\hotspot\share\prims\jni.cpp, line 516]
Event: 0.784 Thread 0x0000020b9aba6e60 Exception <a 'java/io/FileNotFoundException'{0x00000000eb733880}> (0x00000000eb733880) 
thrown [s\src\hotspot\share\prims\jni.cpp, line 516]
Event: 0.785 Thread 0x0000020b9aba6e60 Exception <a 'java/io/FileNotFoundException'{0x00000000eb734540}> (0x00000000eb734540) 
thrown [s\src\hotspot\share\prims\jni.cpp, line 516]
Event: 0.791 Thread 0x0000020b9aba6e60 Implicit null exception at 0x0000020ba5344172 to 0x0000020ba53446c0
Event: 0.791 Thread 0x0000020b9aba6e60 Implicit null exception at 0x0000020ba5345072 to 0x0000020ba53455d4
Event: 0.811 Thread 0x0000020b9aba6e60 Exception <a 'java/io/FileNotFoundException'{0x00000000eb772cf0}> (0x00000000eb772cf0) 
thrown [s\src\hotspot\share\prims\jni.cpp, line 516]
Event: 0.888 Thread 0x0000020b9aba6e60 Implicit null exception at 0x0000020ba53435e8 to 0x0000020ba53436a8
Event: 1.068 Thread 0x0000020b9aba6e60 Exception <a 'java/lang/ClassNotFoundException'{0x00000000ebf67ef8}: sun/net/www/protocol/c/Handler> (0x00000000ebf67ef8) 
thrown [s\src\hotspot\share\classfile\systemDictionary.cpp, line 256]
Event: 1.068 Thread 0x0000020b9aba6e60 Exception <a 'java/lang/ClassNotFoundException'{0x00000000ebf69288}: sun/net/www/protocol/d/Handler> (0x00000000ebf69288) 
thrown [s\src\hotspot\share\classfile\systemDictionary.cpp, line 256]
Event: 1.069 Thread 0x0000020b9aba6e60 Exception <a 'java/lang/ClassNotFoundException'{0x00000000ebf6a478}: sun/net/www/protocol/c/Handler> (0x00000000ebf6a478) 
thrown [s\src\hotspot\share\classfile\systemDictionary.cpp, line 256]
Event: 1.077 Thread 0x0000020b9aba6e60 Exception <a 'java/io/FileNotFoundException'{0x00000000ebf890a8}> (0x00000000ebf890a8) 
thrown [s\src\hotspot\share\prims\jni.cpp, line 516]
Event: 1.125 Thread 0x0000020b9aba6e60 Implicit null exception at 0x0000020ba5364c00 to 0x0000020ba53655fc
Event: 1.125 Thread 0x0000020b9aba6e60 Implicit null exception at 0x0000020ba536036c to 0x0000020ba536056c
Event: 1.125 Thread 0x0000020b9aba6e60 Implicit null exception at 0x0000020ba534e191 to 0x0000020ba534e3e4
Event: 1.126 Thread 0x0000020b9aba6e60 Implicit null exception at 0x0000020ba534bd8f to 0x0000020ba534be09

VM Operations (12 events):
Event: 0.231 Executing VM operation: HandshakeAllThreads
Event: 0.232 Executing VM operation: HandshakeAllThreads done
Event: 0.334 Executing VM operation: HandshakeAllThreads
Event: 0.334 Executing VM operation: HandshakeAllThreads done
Event: 0.704 Executing VM operation: HandshakeAllThreads
Event: 0.704 Executing VM operation: HandshakeAllThreads done
Event: 0.738 Executing VM operation: HandshakeAllThreads
Event: 0.756 Executing VM operation: HandshakeAllThreads done
Event: 1.046 Executing VM operation: HandshakeAllThreads
Event: 1.046 Executing VM operation: HandshakeAllThreads done
Event: 1.128 Executing VM operation: ICBufferFull
Event: 1.128 Executing VM operation: ICBufferFull done

Events (20 events):
Event: 1.166 loading class java/util/concurrent/locks/Condition
Event: 1.166 loading class java/util/concurrent/locks/Condition done
Event: 1.166 loading class java/util/concurrent/locks/AbstractQueuedSynchronizer$ConditionObject done
Event: 1.166 loading class java/util/Collections$SingletonMap
Event: 1.166 loading class java/util/Collections$SingletonMap done
Event: 1.175 loading class sun/misc/Unsafe
Event: 1.175 loading class sun/misc/Unsafe done
Event: 1.175 loading class jdk/internal/reflect/UnsafeFieldAccessorFactory
Event: 1.176 loading class jdk/internal/reflect/UnsafeFieldAccessorFactory done
Event: 1.176 loading class jdk/internal/reflect/UnsafeQualifiedStaticObjectFieldAccessorImpl
Event: 1.176 loading class jdk/internal/reflect/UnsafeQualifiedStaticFieldAccessorImpl
Event: 1.176 loading class jdk/internal/reflect/UnsafeQualifiedStaticFieldAccessorImpl done
Event: 1.176 loading class jdk/internal/reflect/UnsafeQualifiedStaticObjectFieldAccessorImpl done
Event: 1.176 Thread 0x0000020bb17fa9b0 Thread exited: 0x0000020bb17fa9b0
Event: 1.177 loading class java/lang/InstantiationException
Event: 1.177 loading class java/lang/InstantiationException done
Event: 1.181 loading class jdk/internal/vm/annotation/ForceInline
Event: 1.181 loading class jdk/internal/vm/annotation/ForceInline done
Event: 1.184 loading class java/lang/Long$LongCache
Event: 1.184 loading class java/lang/Long$LongCache done


Dynamic libraries:
0x00007ff7c1520000 - 0x00007ff7c152e000 	c:\Users\ADMIN\.vscode\extensions\redhat.java-1.10.0-win32-x64\jre\17.0.4-win32-x86_64\bin\java.exe
0x00007ff99f780000 - 0x00007ff99f989000 	C:\WINDOWS\SYSTEM32\ntdll.dll
0x00007ff99e360000 - 0x00007ff99e41d000 	C:\WINDOWS\System32\KERNEL32.DLL
0x00007ff99d130000 - 0x00007ff99d4ac000 	C:\WINDOWS\System32\KERNELBASE.dll
0x00007ff99cfe0000 - 0x00007ff99d0f1000 	C:\WINDOWS\System32\ucrtbase.dll
0x00007ff999610000 - 0x00007ff999628000 	c:\Users\ADMIN\.vscode\extensions\redhat.java-1.10.0-win32-x64\jre\17.0.4-win32-x86_64\bin\jli.dll
0x00007ff9983e0000 - 0x00007ff9983f9000 	c:\Users\ADMIN\.vscode\extensions\redhat.java-1.10.0-win32-x64\jre\17.0.4-win32-x86_64\bin\VCRUNTIME140.dll
0x00007ff99d6c0000 - 0x00007ff99d86d000 	C:\WINDOWS\System32\USER32.dll
0x00007ff99d100000 - 0x00007ff99d126000 	C:\WINDOWS\System32\win32u.dll
0x00007ff970ef0000 - 0x00007ff971195000 	C:\WINDOWS\WinSxS\amd64_microsoft.windows.common-controls_6595b64144ccf1df_6.0.22000.120_none_9d947278b86cc467\COMCTL32.dll
0x00007ff99dc50000 - 0x00007ff99dc79000 	C:\WINDOWS\System32\GDI32.dll
0x00007ff99e600000 - 0x00007ff99e6a3000 	C:\WINDOWS\System32\msvcrt.dll
0x00007ff99cd50000 - 0x00007ff99ce69000 	C:\WINDOWS\System32\gdi32full.dll
0x00007ff99d4b0000 - 0x00007ff99d54d000 	C:\WINDOWS\System32\msvcp_win.dll
0x00007ff99d870000 - 0x00007ff99d8a1000 	C:\WINDOWS\System32\IMM32.DLL
0x00007ff999640000 - 0x00007ff99964c000 	c:\Users\ADMIN\.vscode\extensions\redhat.java-1.10.0-win32-x64\jre\17.0.4-win32-x86_64\bin\vcruntime140_1.dll
0x00007ff98b0b0000 - 0x00007ff98b141000 	c:\Users\ADMIN\.vscode\extensions\redhat.java-1.10.0-win32-x64\jre\17.0.4-win32-x86_64\bin\msvcp140.dll
0x00007ff933220000 - 0x00007ff933e66000 	c:\Users\ADMIN\.vscode\extensions\redhat.java-1.10.0-win32-x64\jre\17.0.4-win32-x86_64\bin\server\jvm.dll
0x00007ff99e0f0000 - 0x00007ff99e19e000 	C:\WINDOWS\System32\ADVAPI32.dll
0x00007ff99f6a0000 - 0x00007ff99f73e000 	C:\WINDOWS\System32\sechost.dll
0x00007ff99da50000 - 0x00007ff99db70000 	C:\WINDOWS\System32\RPCRT4.dll
0x00007ff99da40000 - 0x00007ff99da48000 	C:\WINDOWS\System32\PSAPI.DLL
0x00007ff987fe0000 - 0x00007ff987fe9000 	C:\WINDOWS\SYSTEM32\WSOCK32.dll
0x00007ff998290000 - 0x00007ff9982c3000 	C:\WINDOWS\SYSTEM32\WINMM.dll
0x00007ff99f470000 - 0x00007ff99f4df000 	C:\WINDOWS\System32\WS2_32.dll
0x00007ff996970000 - 0x00007ff99697a000 	C:\WINDOWS\SYSTEM32\VERSION.dll
0x00007ff99be40000 - 0x00007ff99be58000 	C:\WINDOWS\SYSTEM32\kernel.appcore.dll
0x00007ff998cc0000 - 0x00007ff998cca000 	c:\Users\ADMIN\.vscode\extensions\redhat.java-1.10.0-win32-x64\jre\17.0.4-win32-x86_64\bin\jimage.dll
0x00007ff98e8c0000 - 0x00007ff98eae1000 	C:\WINDOWS\SYSTEM32\DBGHELP.DLL
0x00007ff98e880000 - 0x00007ff98e8b1000 	C:\WINDOWS\SYSTEM32\dbgcore.DLL
0x00007ff99ccd0000 - 0x00007ff99cd4f000 	C:\WINDOWS\System32\bcryptPrimitives.dll
0x00007ff9983d0000 - 0x00007ff9983de000 	c:\Users\ADMIN\.vscode\extensions\redhat.java-1.10.0-win32-x64\jre\17.0.4-win32-x86_64\bin\instrument.dll
0x00007ff98ed80000 - 0x00007ff98eda5000 	c:\Users\ADMIN\.vscode\extensions\redhat.java-1.10.0-win32-x64\jre\17.0.4-win32-x86_64\bin\java.dll
0x00007ff997c90000 - 0x00007ff997ca8000 	c:\Users\ADMIN\.vscode\extensions\redhat.java-1.10.0-win32-x64\jre\17.0.4-win32-x86_64\bin\zip.dll
0x00007ff99e850000 - 0x00007ff99f008000 	C:\WINDOWS\System32\SHELL32.dll
0x00007ff99add0000 - 0x00007ff99b638000 	C:\WINDOWS\SYSTEM32\windows.storage.dll
0x00007ff99f010000 - 0x00007ff99f389000 	C:\WINDOWS\System32\combase.dll
0x00007ff99ac60000 - 0x00007ff99adc6000 	C:\WINDOWS\SYSTEM32\wintypes.dll
0x00007ff99f550000 - 0x00007ff99f63a000 	C:\WINDOWS\System32\SHCORE.dll
0x00007ff99d8c0000 - 0x00007ff99d91d000 	C:\WINDOWS\System32\shlwapi.dll
0x00007ff99cb90000 - 0x00007ff99cbb1000 	C:\WINDOWS\SYSTEM32\profapi.dll
0x00007ff9972c0000 - 0x00007ff9972d9000 	C:\Users\ADMIN\.vscode\extensions\redhat.java-1.10.0-win32-x64\jre\17.0.4-win32-x86_64\bin\net.dll
0x00007ff998b70000 - 0x00007ff998c7c000 	C:\WINDOWS\SYSTEM32\WINHTTP.dll
0x00007ff99c270000 - 0x00007ff99c2d7000 	C:\WINDOWS\system32\mswsock.dll
0x00007ff9971c0000 - 0x00007ff9971d5000 	C:\Users\ADMIN\.vscode\extensions\redhat.java-1.10.0-win32-x64\jre\17.0.4-win32-x86_64\bin\nio.dll
0x00007ff9983c0000 - 0x00007ff9983d0000 	c:\Users\ADMIN\.vscode\extensions\redhat.java-1.10.0-win32-x64\jre\17.0.4-win32-x86_64\bin\verify.dll

dbghelp: loaded successfully - version: 4.0.5 - missing functions: none
symbol engine: initialized successfully - sym options: 0x614 - pdb path: .;c:\Users\ADMIN\.vscode\extensions\redhat.java-1.10.0-win32-x64\jre\17.0.4-win32-x86_64\bin;C:\WINDOWS\SYSTEM32;C:\WINDOWS\WinSxS\amd64_microsoft.windows.common-controls_6595b64144ccf1df_6.0.22000.120_none_9d947278b86cc467;c:\Users\ADMIN\.vscode\extensions\redhat.java-1.10.0-win32-x64\jre\17.0.4-win32-x86_64\bin\server

VM Arguments:
jvm_args: --add-modules=ALL-SYSTEM --add-opens=java.base/java.util=ALL-UNNAMED --add-opens=java.base/java.lang=ALL-UNNAMED --add-opens=java.base/sun.nio.fs=ALL-UNNAMED -Declipse.application=org.eclipse.jdt.ls.core.id1 -Dosgi.bundles.defaultStartLevel=4 -Declipse.product=org.eclipse.jdt.ls.core.product -Djava.import.generatesMetadataFilesAtProjectRoot=false -Dfile.encoding=utf8 -DwatchParentProcess=false -XX:+UseParallelGC -XX:GCTimeRatio=4 -XX:AdaptiveSizePolicyWeight=90 -Dsun.zip.disableMemoryMapping=true -Xmx1G -Xms100m -Xlog:jni+resolve=off -javaagent:c:\Users\ADMIN\.vscode\extensions\redhat.java-1.10.0-win32-x64\lombok\lombok-1.18.24.jar 
java_command: c:\Users\ADMIN\.vscode\extensions\redhat.java-1.10.0-win32-x64\server\plugins\org.eclipse.equinox.launcher_1.6.400.v20210924-0641.jar -configuration c:\Users\ADMIN\AppData\Roaming\Code\User\globalStorage\redhat.java\1.10.0\config_ss_win -data c:\Users\ADMIN\AppData\Roaming\Code\User\workspaceStorage\2b4bdc34994bfcd6bd22a03e60368bfb\redhat.java\ss_ws
java_class_path (initial): c:\Users\ADMIN\.vscode\extensions\redhat.java-1.10.0-win32-x64\server\plugins\org.eclipse.equinox.launcher_1.6.400.v20210924-0641.jar
Launcher Type: SUN_STANDARD

[Global flags]
    uintx AdaptiveSizePolicyWeight                 = 90                                        {product} {command line}
     intx CICompilerCount                          = 4                                         {product} {ergonomic}
    uintx GCTimeRatio                              = 4                                         {product} {command line}
   size_t InitialHeapSize                          = 104857600                                 {product} {command line}
   size_t MaxHeapSize                              = 1073741824                                {product} {command line}
   size_t MaxNewSize                               = 357564416                                 {product} {ergonomic}
   size_t MinHeapDeltaBytes                        = 524288                                    {product} {ergonomic}
   size_t MinHeapSize                              = 104857600                                 {product} {command line}
   size_t NewSize                                  = 34603008                                  {product} {ergonomic}
    uintx NonNMethodCodeHeapSize                   = 5839372                                {pd product} {ergonomic}
    uintx NonProfiledCodeHeapSize                  = 122909434                              {pd product} {ergonomic}
   size_t OldSize                                  = 70254592                                  {product} {ergonomic}
    uintx ProfiledCodeHeapSize                     = 122909434                              {pd product} {ergonomic}
    uintx ReservedCodeCacheSize                    = 251658240                              {pd product} {ergonomic}
     bool SegmentedCodeCache                       = true                                      {product} {ergonomic}
   size_t SoftMaxHeapSize                          = 1073741824                             {manageable} {ergonomic}
     bool UseCompressedClassPointers               = true                           {product lp64_product} {ergonomic}
     bool UseCompressedOops                        = true                           {product lp64_product} {ergonomic}
     bool UseLargePagesIndividualAllocation        = false                                  {pd product} {ergonomic}
     bool UseParallelGC                            = true                                      {product} {command line}

Logging:
Log output configuration:
 #0: stdout all=warning,jni+resolve=off uptime,level,tags
 #1: stderr all=off uptime,level,tags

Environment Variables:
JAVA_HOME=C:\Program Files\Java\jdk1.8.0_192
PATH=C:\Program Files (x86)\Common Files\Oracle\Java\javapath;C:\Program Files\Java\jdk1.8.0_192\bin;C:\Program Files\Microsoft MPI\Bin\;C:\Program Files\Common Files\Oracle\Java\javapath;C:\Windows\system32;C:\Windows;C:\Windows\System32\Wbem;C:\Windows\System32\WindowsPowerShell\v1.0\;C:\Windows\System32\OpenSSH\;C:\Program Files\Java\jdk-15.0.2\bin;C:\Program Files (x86)\Microsoft SQL Server\150\Tools\Binn\;C:\Program Files\Microsoft SQL Server\150\Tools\Binn\;C:\Program Files\Microsoft SQL Server\150\DTS\Binn\;C:\Program Files\Microsoft SQL Server\Client SDK\ODBC\170\Tools\Binn\;C:\Program Files\nodejs\;C:\xampp\tomcat\bin;C:\WINDOWS\system32;C:\WINDOWS;C:\WINDOWS\System32\Wbem;C:\WINDOWS\System32\WindowsPowerShell\v1.0\;C:\WINDOWS\System32\OpenSSH\;C:\Program Files (x86)\Microsoft SQL Server\150\DTS\Binn\;C:\Program Files\Azure Data Studio\bin;D:\2NF\Lib\apache-maven-3.6.0\bin;C:\Program Files\Git\cmd;C:\Program Files\Common Files\Autodesk Shared\;C:\Users\ADMIN\AppData\Local\Programs\Python\Python39\Scripts\;C:\Users\ADMIN\AppData\Local\Programs\Python\Python39\;C:\Users\ADMIN\AppData\Local\Microsoft\WindowsApps;C:\Program Files\Azure Data Studio\bin;C:\Users\ADMIN\AppData\Local\Programs\Microsoft VS Code\bin;C:\Users\ADMIN\AppData\Roaming\npm;C:\Program Files\heroku\bin;C:\Program Files\JetBrains\IntelliJ IDEA 2022.2.2\bin;;C:\Program Files\Azure Data Studio\bin
USERNAME=ADMIN
OS=Windows_NT
PROCESSOR_IDENTIFIER=Intel64 Family 6 Model 142 Stepping 11, GenuineIntel
TMP=C:\Users\ADMIN\AppData\Local\Temp
TEMP=C:\Users\ADMIN\AppData\Local\Temp



---------------  S Y S T E M  ---------------

OS:
 Windows 11 , 64 bit Build 22000 (10.0.22000.708)
OS uptime: 1 days 14:20 hours

CPU: total 8 (initial active 8) (4 cores per cpu, 2 threads per core) family 6 model 142 stepping 11 microcode 0xde, cx8, cmov, fxsr, ht, mmx, 3dnowpref, sse, sse2, sse3, ssse3, sse4.1, sse4.2, popcnt, lzcnt, tsc, tscinvbit, avx, avx2, aes, erms, clmul, bmi1, bmi2, adx, fma, vzeroupper, clflush, clflushopt

Memory: 4k page, system-wide physical 12096M (892M free)
TotalPageFile size 16192M (AvailPageFile size 20M)
current process WorkingSet (physical memory assigned to process): 72M, peak: 72M
current process commit charge ("private bytes"): 200M, peak: 200M

vm_info: OpenJDK 64-Bit Server VM (17.0.4+8) for windows-amd64 JRE (17.0.4+8), built on Jul 19 2022 16:05:16 by "temurin" with MS VC++ 16.7 (VS2019)

END.
